<?xml version="1.0" encoding="UTF-8"?>
<testng-results ignored="0" total="1" passed="1" failed="0" skipped="0">
  <reporter-output>
  </reporter-output>
  <suite started-at="2024-06-08T18:57:43 CAT" name="Suite" finished-at="2024-06-08T18:58:08 CAT" duration-ms="25086">
    <groups>
    </groups>
    <test started-at="2024-06-08T18:57:43 CAT" name="Test" finished-at="2024-06-08T18:58:08 CAT" duration-ms="25086">
      <class name="openOrangeCRM.login">
        <test-method signature="loginTest()[pri:0, instance:openOrangeCRM.login@7ef82753]" started-at="2024-06-08T18:57:43 CAT" name="loginTest" finished-at="2024-06-08T18:58:08 CAT" duration-ms="25026" status="PASS">
          <reporter-output>
          </reporter-output>
        </test-method> <!-- loginTest -->
      </class> <!-- openOrangeCRM.login -->
    </test> <!-- Test -->
  </suite> <!-- Suite -->
</testng-results>
