<?xml version="1.0" encoding="UTF-8"?>
<testng-results ignored="0" total="1" passed="1" failed="0" skipped="0">
  <reporter-output>
  </reporter-output>
  <suite started-at="2024-06-08T12:26:59 CAT" name="Default suite" finished-at="2024-06-08T12:27:18 CAT" duration-ms="19210">
    <groups>
    </groups>
    <test started-at="2024-06-08T12:26:59 CAT" name="Default test" finished-at="2024-06-08T12:27:18 CAT" duration-ms="19210">
      <class name="openOrangeCRM.login">
        <test-method signature="loginTest()[pri:0, instance:openOrangeCRM.login@7ef82753]" started-at="2024-06-08T12:26:59 CAT" name="loginTest" finished-at="2024-06-08T12:27:18 CAT" duration-ms="19124" status="PASS">
          <reporter-output>
          </reporter-output>
        </test-method> <!-- loginTest -->
      </class> <!-- openOrangeCRM.login -->
    </test> <!-- Default test -->
  </suite> <!-- Default suite -->
</testng-results>
